{"level":"INFO","time":"2025/10/31 11:54:05.151569 +0800","caller":"compile/operator.go:1311","msg":"yyyyyyy RightDedupJoin joinmap tag","joinmap tag":2,"is shuffle":true,"shuffle idx":0,"dedup col name":"a","operator idx":0,"operator ID":0}
{"level":"INFO","time":"2025/10/31 11:54:05.151617 +0800","caller":"compile/operator.go:2222","msg":"yyyyyyy constructShuffleBuild from RightDedupJoin","joinmap tag":2,"source shuffleIdx":-1,"dest shuffleIdx":-1,"dedup col name":"a"}
{"level":"INFO","time":"2025/10/31 11:54:05.151658 +0800","caller":"compile/operator.go:1311","msg":"yyyyyyy RightDedupJoin joinmap tag","joinmap tag":3,"is shuffle":false,"shuffle idx":0,"dedup col name":"b","operator idx":0,"operator ID":0}
{"level":"INFO","time":"2025/10/31 11:54:05.155279 +0800","caller":"rightdedupjoin/join.go:135","msg":"yyyyyyy begin  RightDedupJoin try receive joinmap","joinMapTag":3,"isShuffle":false,"shuffleIdx":0,"dedupColName":"b","dedupColTypesLen":1,"operatorIdx":5}
{"level":"INFO","time":"2025/10/31 11:54:05.155304 +0800","caller":"compile/operator.go:157","msg":"yyyyyyy dupOperator ShuffleBuild","joinmap tag":2,"source shuffleIdx":-1,"dest shuffleIdx":0,"index":0,"maxParallel":16,"dedup col name":"a"}
{"level":"INFO","time":"2025/10/31 11:54:05.155435 +0800","caller":"compile/operator.go:157","msg":"yyyyyyy dupOperator ShuffleBuild","joinmap tag":2,"source shuffleIdx":-1,"dest shuffleIdx":1,"index":1,"maxParallel":16,"dedup col name":"a"}
{"level":"INFO","time":"2025/10/31 11:54:05.155447 +0800","caller":"hashbuild/build.go:93","msg":"yyyyyyy HashBuild joinmap tag","joinmap tag":3,"dedup col name":"b","dedupColTypesLen":1,"operator index":5,"state":2}
{"level":"INFO","time":"2025/10/31 11:54:05.155479 +0800","caller":"compile/operator.go:157","msg":"yyyyyyy dupOperator ShuffleBuild","joinmap tag":2,"source shuffleIdx":-1,"dest shuffleIdx":2,"index":2,"maxParallel":16,"dedup col name":"a"}
{"level":"INFO","time":"2025/10/31 11:54:05.155522 +0800","caller":"compile/operator.go:157","msg":"yyyyyyy dupOperator ShuffleBuild","joinmap tag":2,"source shuffleIdx":-1,"dest shuffleIdx":3,"index":3,"maxParallel":16,"dedup col name":"a"}
{"level":"INFO","time":"2025/10/31 11:54:05.155520 +0800","caller":"message/message.go:180","msg":"yyyyyyy SendMessage","waiters len":1,"debug string":"joinmap message, tag:3\njoinmapPtr is nil \n"}
{"level":"INFO","time":"2025/10/31 11:54:05.155558 +0800","caller":"compile/operator.go:157","msg":"yyyyyyy dupOperator ShuffleBuild","joinmap tag":2,"source shuffleIdx":-1,"dest shuffleIdx":4,"index":4,"maxParallel":16,"dedup col name":"a"}
{"level":"INFO","time":"2025/10/31 11:54:05.155592 +0800","caller":"compile/operator.go:157","msg":"yyyyyyy dupOperator ShuffleBuild","joinmap tag":2,"source shuffleIdx":-1,"dest shuffleIdx":5,"index":5,"maxParallel":16,"dedup col name":"a"}
{"level":"INFO","time":"2025/10/31 11:54:05.155627 +0800","caller":"compile/operator.go:157","msg":"yyyyyyy dupOperator ShuffleBuild","joinmap tag":2,"source shuffleIdx":-1,"dest shuffleIdx":6,"index":6,"maxParallel":16,"dedup col name":"a"}
{"level":"INFO","time":"2025/10/31 11:54:05.155638 +0800","caller":"rightdedupjoin/join.go:145","msg":"yyyyyyy end   RightDedupJoin receive joinmap","joinMapTag":3,"isShuffle":false,"shuffleIdx":0,"dedupColName":"b","dedupColTypesLen":1,"operatorIdx":5}
{"level":"INFO","time":"2025/10/31 11:54:05.155661 +0800","caller":"compile/operator.go:157","msg":"yyyyyyy dupOperator ShuffleBuild","joinmap tag":2,"source shuffleIdx":-1,"dest shuffleIdx":7,"index":7,"maxParallel":16,"dedup col name":"a"}
{"level":"INFO","time":"2025/10/31 11:54:05.155696 +0800","caller":"compile/operator.go:157","msg":"yyyyyyy dupOperator ShuffleBuild","joinmap tag":2,"source shuffleIdx":-1,"dest shuffleIdx":8,"index":8,"maxParallel":16,"dedup col name":"a"}
{"level":"INFO","time":"2025/10/31 11:54:05.155725 +0800","caller":"compile/operator.go:157","msg":"yyyyyyy dupOperator ShuffleBuild","joinmap tag":2,"source shuffleIdx":-1,"dest shuffleIdx":9,"index":9,"maxParallel":16,"dedup col name":"a"}
{"level":"INFO","time":"2025/10/31 11:54:05.155732 +0800","caller":"rightdedupjoin/join.go:135","msg":"yyyyyyy begin  RightDedupJoin try receive joinmap","joinMapTag":2,"isShuffle":true,"shuffleIdx":-1,"dedupColName":"a","dedupColTypesLen":1,"operatorIdx":3}
{"level":"INFO","time":"2025/10/31 11:54:05.155760 +0800","caller":"compile/operator.go:157","msg":"yyyyyyy dupOperator ShuffleBuild","joinmap tag":2,"source shuffleIdx":-1,"dest shuffleIdx":10,"index":10,"maxParallel":16,"dedup col name":"a"}
{"level":"INFO","time":"2025/10/31 11:54:05.155795 +0800","caller":"compile/operator.go:157","msg":"yyyyyyy dupOperator ShuffleBuild","joinmap tag":2,"source shuffleIdx":-1,"dest shuffleIdx":11,"index":11,"maxParallel":16,"dedup col name":"a"}
{"level":"INFO","time":"2025/10/31 11:54:05.155829 +0800","caller":"compile/operator.go:157","msg":"yyyyyyy dupOperator ShuffleBuild","joinmap tag":2,"source shuffleIdx":-1,"dest shuffleIdx":12,"index":12,"maxParallel":16,"dedup col name":"a"}
{"level":"INFO","time":"2025/10/31 11:54:05.155859 +0800","caller":"compile/operator.go:157","msg":"yyyyyyy dupOperator ShuffleBuild","joinmap tag":2,"source shuffleIdx":-1,"dest shuffleIdx":13,"index":13,"maxParallel":16,"dedup col name":"a"}
{"level":"INFO","time":"2025/10/31 11:54:05.155897 +0800","caller":"compile/operator.go:157","msg":"yyyyyyy dupOperator ShuffleBuild","joinmap tag":2,"source shuffleIdx":-1,"dest shuffleIdx":14,"index":14,"maxParallel":16,"dedup col name":"a"}
{"level":"INFO","time":"2025/10/31 11:54:05.155925 +0800","caller":"compile/operator.go:157","msg":"yyyyyyy dupOperator ShuffleBuild","joinmap tag":2,"source shuffleIdx":-1,"dest shuffleIdx":15,"index":15,"maxParallel":16,"dedup col name":"a"}
{"level":"INFO","time":"2025/10/31 11:54:05.156255 +0800","caller":"shufflebuild/build.go:99","msg":"yyyyyyy ShuffleBuild send tag","joinmap tag":2,"shuffleIdx":13,"dedup col name":"a","dedupColTypesLen":1,"operator index":0,"state":2}
{"level":"INFO","time":"2025/10/31 11:54:05.156267 +0800","caller":"shufflebuild/build.go:99","msg":"yyyyyyy ShuffleBuild send tag","joinmap tag":2,"shuffleIdx":6,"dedup col name":"a","dedupColTypesLen":1,"operator index":0,"state":2}
{"level":"INFO","time":"2025/10/31 11:54:05.156284 +0800","caller":"shufflebuild/build.go:99","msg":"yyyyyyy ShuffleBuild send tag","joinmap tag":2,"shuffleIdx":2,"dedup col name":"a","dedupColTypesLen":1,"operator index":0,"state":2}
{"level":"INFO","time":"2025/10/31 11:54:05.156316 +0800","caller":"message/message.go:180","msg":"yyyyyyy SendMessage","waiters len":2,"debug string":"joinmap message, tag:2\nshuffle index 13\njoinmapPtr is nil \n"}
{"level":"INFO","time":"2025/10/31 11:54:05.156344 +0800","caller":"shufflebuild/build.go:99","msg":"yyyyyyy ShuffleBuild send tag","joinmap tag":2,"shuffleIdx":5,"dedup col name":"a","dedupColTypesLen":1,"operator index":0,"state":2}
{"level":"INFO","time":"2025/10/31 11:54:05.156363 +0800","caller":"shufflebuild/build.go:99","msg":"yyyyyyy ShuffleBuild send tag","joinmap tag":2,"shuffleIdx":11,"dedup col name":"a","dedupColTypesLen":1,"operator index":0,"state":2}
{"level":"INFO","time":"2025/10/31 11:54:05.156374 +0800","caller":"shufflebuild/build.go:99","msg":"yyyyyyy ShuffleBuild send tag","joinmap tag":2,"shuffleIdx":1,"dedup col name":"a","dedupColTypesLen":1,"operator index":0,"state":2}
{"level":"INFO","time":"2025/10/31 11:54:05.156377 +0800","caller":"shufflebuild/build.go:99","msg":"yyyyyyy ShuffleBuild send tag","joinmap tag":2,"shuffleIdx":10,"dedup col name":"a","dedupColTypesLen":1,"operator index":0,"state":2}
{"level":"INFO","time":"2025/10/31 11:54:05.156384 +0800","caller":"message/message.go:180","msg":"yyyyyyy SendMessage","waiters len":2,"debug string":"joinmap message, tag:2\nshuffle index 5\njoinmapPtr is nil \n"}
{"level":"INFO","time":"2025/10/31 11:54:05.156347 +0800","caller":"shufflebuild/build.go:99","msg":"yyyyyyy ShuffleBuild send tag","joinmap tag":2,"shuffleIdx":0,"dedup col name":"a","dedupColTypesLen":1,"operator index":0,"state":2}
{"level":"INFO","time":"2025/10/31 11:54:05.156487 +0800","caller":"rightdedupjoin/join.go:145","msg":"yyyyyyy   RightDedupJoin receive joinmap","joinMapTag":2,"isSh enduffle":true,"shuffleIdx":-1,"dedupColName":"a","dedupColTypesLen":1,"operatorIdx":3}
{"level":"INFO","time":"2025/10/31 11:54:05.156515 +0800","caller":"message/message.go:180","msg":"yyyyyyy SendMessage","waiters len":2,"debug string":"joinmap message, tag:2\nshuffle index 10\njoinmapPtr is nil \n"}
{"level":"INFO","time":"2025/10/31 11:54:05.156559 +0800","caller":"shufflebuild/build.go:99","msg":"yyyyyyy ShuffleBuild send tag","joinmap tag":2,"shuffleIdx":8,"dedup col name":"a","dedupColTypesLen":1,"operator index":0,"state":2}
{"level":"INFO","time":"2025/10/31 11:54:05.156594 +0800","caller":"message/message.go:180","msg":"yyyyyyy SendMessage","waiters len":2,"debug string":"joinmap message, tag:2\nshuffle index 8\njoinmapPtr is nil \n"}
{"level":"INFO","time":"2025/10/31 11:54:05.156618 +0800","caller":"shufflebuild/build.go:99","msg":"yyyyyyy ShuffleBuild send tag","joinmap tag":2,"shuffleIdx":3,"dedup col name":"a","dedupColTypesLen":1,"operator index":0,"state":2}
{"level":"INFO","time":"2025/10/31 11:54:05.156645 +0800","caller":"message/message.go:180","msg":"yyyyyyy SendMessage","waiters len":2,"debug string":"joinmap message, tag:2\nshuffle index 3\njoinmapPtr is nil \n"}
{"level":"INFO","time":"2025/10/31 11:54:05.156674 +0800","caller":"shufflebuild/build.go:99","msg":"yyyyyyy ShuffleBuild send tag","joinmap tag":2,"shuffleIdx":4,"dedup col name":"a","dedupColTypesLen":1,"operator index":0,"state":2}
{"level":"INFO","time":"2025/10/31 11:54:05.156696 +0800","caller":"message/message.go:180","msg":"yyyyyyy SendMessage","waiters len":2,"debug string":"joinmap message, tag:2\nshuffle index 4\njoinmapPtr is nil \n"}
{"level":"INFO","time":"2025/10/31 11:54:05.156729 +0800","caller":"message/message.go:180","msg":"yyyyyyy SendMessage","waiters len":2,"debug string":"joinmap message, tag:2\nshuffle index 2\njoinmapPtr is nil \n"}
{"level":"INFO","time":"2025/10/31 11:54:05.156781 +0800","caller":"message/message.go:180","msg":"yyyyyyy SendMessage","waiters len":2,"debug string":"joinmap message, tag:2\nshuffle index 11\njoinmapPtr is nil \n"}
{"level":"INFO","time":"2025/10/31 11:54:05.156851 +0800","caller":"shufflebuild/build.go:99","msg":"yyyyyyy ShuffleBuild send tag","joinmap tag":2,"shuffleIdx":12,"dedup col name":"a","dedupColTypesLen":1,"operator index":0,"state":2}
{"level":"INFO","time":"2025/10/31 11:54:05.156890 +0800","caller":"message/message.go:180","msg":"yyyyyyy SendMessage","waiters len":2,"debug string":"joinmap message, tag:2\nshuffle index 12\njoinmapPtr is nil \n"}
{"level":"INFO","time":"2025/10/31 11:54:05.156923 +0800","caller":"shufflebuild/build.go:99","msg":"yyyyyyy ShuffleBuild send tag","joinmap tag":2,"shuffleIdx":14,"dedup col name":"a","dedupColTypesLen":1,"operator index":0,"state":2}
{"level":"INFO","time":"2025/10/31 11:54:05.156957 +0800","caller":"message/message.go:180","msg":"yyyyyyy SendMessage","waiters len":2,"debug string":"joinmap message, tag:2\nshuffle index 14\njoinmapPtr is nil \n"}
{"level":"INFO","time":"2025/10/31 11:54:05.156981 +0800","caller":"message/message.go:180","msg":"yyyyyyy SendMessage","waiters len":2,"debug string":"joinmap message, tag:2\nshuffle index 6\njoinmapPtr is nil \n"}
{"level":"INFO","time":"2025/10/31 11:54:05.157014 +0800","caller":"shufflebuild/build.go:99","msg":"yyyyyyy ShuffleBuild send tag","joinmap tag":2,"shuffleIdx":7,"dedup col name":"a","dedupColTypesLen":1,"operator index":0,"state":2}
{"level":"INFO","time":"2025/10/31 11:54:05.157032 +0800","caller":"message/message.go:180","msg":"yyyyyyy SendMessage","waiters len":2,"debug string":"joinmap message, tag:2\nshuffle index 1\njoinmapPtr is nil \n"}
{"level":"INFO","time":"2025/10/31 11:54:05.157092 +0800","caller":"shufflebuild/build.go:99","msg":"yyyyyyy ShuffleBuild send tag","joinmap tag":2,"shuffleIdx":9,"dedup col name":"a","dedupColTypesLen":1,"operator index":0,"state":2}
{"level":"INFO","time":"2025/10/31 11:54:05.157124 +0800","caller":"message/message.go:180","msg":"yyyyyyy SendMessage","waiters len":2,"debug string":"joinmap message, tag:2\nshuffle index 9\njoinmapPtr is nil \n"}
{"level":"INFO","time":"2025/10/31 11:54:05.157157 +0800","caller":"shufflebuild/build.go:99","msg":"yyyyyyy ShuffleBuild send tag","joinmap tag":2,"shuffleIdx":15,"dedup col name":"a","dedupColTypesLen":1,"operator index":0,"state":2}
{"level":"INFO","time":"2025/10/31 11:54:05.157187 +0800","caller":"message/message.go:180","msg":"yyyyyyy SendMessage","waiters len":2,"debug string":"joinmap message, tag:2\nshuffle index 15\njoinmapPtr is nil \n"}
{"level":"INFO","time":"2025/10/31 11:54:05.157231 +0800","caller":"message/message.go:180","msg":"yyyyyyy SendMessage","waiters len":2,"debug string":"joinmap message, tag:2\nshuffle index 0\njoinmapPtr is nil \n"}
{"level":"INFO","time":"2025/10/31 11:54:05.157342 +0800","caller":"message/message.go:180","msg":"yyyyyyy SendMessage","waiters len":2,"debug string":"joinmap message, tag:2\nshuffle index 7\njoinmapPtr is nil \n"}