{"level":"INFO","time":"2025/10/31 12:01:04.920561 +0800","caller":"compile/operator.go:1311","msg":"yyyyyyy RightDedupJoin joinmap tag","joinmap tag":3,"is shuffle":true,"shuffle idx":0,"dedup col name":"a","operator idx":0,"operator ID":0}
{"level":"INFO","time":"2025/10/31 12:01:04.920610 +0800","caller":"compile/operator.go:2222","msg":"yyyyyyy constructShuffleBuild from RightDedupJoin","joinmap tag":3,"source shuffleIdx":-1,"dest shuffleIdx":-1,"dedup col name":"a"}
{"level":"INFO","time":"2025/10/31 12:01:04.920653 +0800","caller":"compile/operator.go:1311","msg":"yyyyyyy RightDedupJoin joinmap tag","joinmap tag":4,"is shuffle":true,"shuffle idx":0,"dedup col name":"b","operator idx":0,"operator ID":0}
{"level":"INFO","time":"2025/10/31 12:01:04.920677 +0800","caller":"compile/operator.go:2222","msg":"yyyyyyy constructShuffleBuild from RightDedupJoin","joinmap tag":4,"source shuffleIdx":-1,"dest shuffleIdx":-1,"dedup col name":"b"}
{"level":"INFO","time":"2025/10/31 12:01:04.923794 +0800","caller":"compile/operator.go:696","msg":"yyyyyyy dupOperator RightDedupJoin","joinmap tag":4,"source shuffleIdx":-1,"dest shuffleIdx":0,"index":0,"dedup col name":"b"}
{"level":"INFO","time":"2025/10/31 12:01:04.923815 +0800","caller":"compile/operator.go:696","msg":"yyyyyyy dupOperator RightDedupJoin","joinmap tag":3,"source shuffleIdx":-1,"dest shuffleIdx":0,"index":0,"dedup col name":"a"}
{"level":"INFO","time":"2025/10/31 12:01:04.923827 +0800","caller":"compile/operator.go:696","msg":"yyyyyyy dupOperator RightDedupJoin","joinmap tag":4,"source shuffleIdx":-1,"dest shuffleIdx":1,"index":1,"dedup col name":"b"}
{"level":"INFO","time":"2025/10/31 12:01:04.923833 +0800","caller":"compile/operator.go:696","msg":"yyyyyyy dupOperator RightDedupJoin","joinmap tag":3,"source shuffleIdx":-1,"dest shuffleIdx":1,"index":1,"dedup col name":"a"}
{"level":"INFO","time":"2025/10/31 12:01:04.923857 +0800","caller":"compile/operator.go:696","msg":"yyyyyyy dupOperator RightDedupJoin","joinmap tag":4,"source shuffleIdx":-1,"dest shuffleIdx":2,"index":2,"dedup col name":"b"}
{"level":"INFO","time":"2025/10/31 12:01:04.923863 +0800","caller":"compile/operator.go:696","msg":"yyyyyyy dupOperator RightDedupJoin","joinmap tag":3,"source shuffleIdx":-1,"dest shuffleIdx":2,"index":2,"dedup col name":"a"}
{"level":"INFO","time":"2025/10/31 12:01:04.923872 +0800","caller":"compile/operator.go:696","msg":"yyyyyyy dupOperator RightDedupJoin","joinmap tag":4,"source shuffleIdx":-1,"dest shuffleIdx":3,"index":3,"dedup col name":"b"}
{"level":"INFO","time":"2025/10/31 12:01:04.923862 +0800","caller":"compile/operator.go:157","msg":"yyyyyyy dupOperator ShuffleBuild","joinmap tag":3,"source shuffleIdx":-1,"dest shuffleIdx":0,"index":0,"maxParallel":16,"dedup col name":"a"}
{"level":"INFO","time":"2025/10/31 12:01:04.923879 +0800","caller":"compile/operator.go:696","msg":"yyyyyyy dupOperator RightDedupJoin","joinmap tag":3,"source shuffleIdx":-1,"dest shuffleIdx":3,"index":3,"dedup col name":"a"}
{"level":"INFO","time":"2025/10/31 12:01:04.923888 +0800","caller":"compile/operator.go:696","msg":"yyyyyyy dupOperator RightDedupJoin","joinmap tag":4,"source shuffleIdx":-1,"dest shuffleIdx":4,"index":4,"dedup col name":"b"}
{"level":"INFO","time":"2025/10/31 12:01:04.923893 +0800","caller":"compile/operator.go:696","msg":"yyyyyyy dupOperator RightDedupJoin","joinmap tag":3,"source shuffleIdx":-1,"dest shuffleIdx":4,"index":4,"dedup col name":"a"}
{"level":"INFO","time":"2025/10/31 12:01:04.923895 +0800","caller":"compile/operator.go:157","msg":"yyyyyyy dupOperator ShuffleBuild","joinmap tag":3,"source shuffleIdx":-1,"dest shuffleIdx":1,"index":1,"maxParallel":16,"dedup col name":"a"}
{"level":"INFO","time":"2025/10/31 12:01:04.923902 +0800","caller":"compile/operator.go:696","msg":"yyyyyyy dupOperator RightDedupJoin","joinmap tag":4,"source shuffleIdx":-1,"dest shuffleIdx":5,"index":5,"dedup col name":"b"}
{"level":"INFO","time":"2025/10/31 12:01:04.923908 +0800","caller":"compile/operator.go:696","msg":"yyyyyyy dupOperator RightDedupJoin","joinmap tag":3,"source shuffleIdx":-1,"dest shuffleIdx":5,"index":5,"dedup col name":"a"}
{"level":"INFO","time":"2025/10/31 12:01:04.923909 +0800","caller":"compile/operator.go:157","msg":"yyyyyyy dupOperator ShuffleBuild","joinmap tag":3,"source shuffleIdx":-1,"dest shuffleIdx":2,"index":2,"maxParallel":16,"dedup col name":"a"}
{"level":"INFO","time":"2025/10/31 12:01:04.923916 +0800","caller":"compile/operator.go:696","msg":"yyyyyyy dupOperator RightDedupJoin","joinmap tag":4,"source shuffleIdx":-1,"dest shuffleIdx":6,"index":6,"dedup col name":"b"}
{"level":"INFO","time":"2025/10/31 12:01:04.923918 +0800","caller":"compile/operator.go:157","msg":"yyyyyyy dupOperator ShuffleBuild","joinmap tag":3,"source shuffleIdx":-1,"dest shuffleIdx":3,"index":3,"maxParallel":16,"dedup col name":"a"}
{"level":"INFO","time":"2025/10/31 12:01:04.923923 +0800","caller":"compile/operator.go:696","msg":"yyyyyyy dupOperator RightDedupJoin","joinmap tag":3,"source shuffleIdx":-1,"dest shuffleIdx":6,"index":6,"dedup col name":"a"}
{"level":"INFO","time":"2025/10/31 12:01:04.923928 +0800","caller":"compile/operator.go:157","msg":"yyyyyyy dupOperator ShuffleBuild","joinmap tag":3,"source shuffleIdx":-1,"dest shuffleIdx":4,"index":4,"maxParallel":16,"dedup col name":"a"}
{"level":"INFO","time":"2025/10/31 12:01:04.923930 +0800","caller":"compile/operator.go:696","msg":"yyyyyyy dupOperator RightDedupJoin","joinmap tag":4,"source shuffleIdx":-1,"dest shuffleIdx":7,"index":7,"dedup col name":"b"}
{"level":"INFO","time":"2025/10/31 12:01:04.923936 +0800","caller":"compile/operator.go:157","msg":"yyyyyyy dupOperator ShuffleBuild","joinmap tag":3,"source shuffleIdx":-1,"dest shuffleIdx":5,"index":5,"maxParallel":16,"dedup col name":"a"}
{"level":"INFO","time":"2025/10/31 12:01:04.923938 +0800","caller":"compile/operator.go:696","msg":"yyyyyyy dupOperator RightDedupJoin","joinmap tag":3,"source shuffleIdx":-1,"dest shuffleIdx":7,"index":7,"dedup col name":"a"}
{"level":"INFO","time":"2025/10/31 12:01:04.923942 +0800","caller":"compile/operator.go:157","msg":"yyyyyyy dupOperator ShuffleBuild","joinmap tag":3,"source shuffleIdx":-1,"dest shuffleIdx":6,"index":6,"maxParallel":16,"dedup col name":"a"}
{"level":"INFO","time":"2025/10/31 12:01:04.923945 +0800","caller":"compile/operator.go:696","msg":"yyyyyyy dupOperator RightDedupJoin","joinmap tag":4,"source shuffleIdx":-1,"dest shuffleIdx":8,"index":8,"dedup col name":"b"}
{"level":"INFO","time":"2025/10/31 12:01:04.923950 +0800","caller":"compile/operator.go:157","msg":"yyyyyyy dupOperator ShuffleBuild","joinmap tag":3,"source shuffleIdx":-1,"dest shuffleIdx":7,"index":7,"maxParallel":16,"dedup col name":"a"}
{"level":"INFO","time":"2025/10/31 12:01:04.923954 +0800","caller":"compile/operator.go:696","msg":"yyyyyyy dupOperator RightDedupJoin","joinmap tag":3,"source shuffleIdx":-1,"dest shuffleIdx":8,"index":8,"dedup col name":"a"}
{"level":"INFO","time":"2025/10/31 12:01:04.923946 +0800","caller":"compile/operator.go:157","msg":"yyyyyyy dupOperator ShuffleBuild","joinmap tag":4,"source shuffleIdx":-1,"dest shuffleIdx":0,"index":0,"maxParallel":16,"dedup col name":"b"}
{"level":"INFO","time":"2025/10/31 12:01:04.923958 +0800","caller":"compile/operator.go:157","msg":"yyyyyyy dupOperator ShuffleBuild","joinmap tag":3,"source shuffleIdx":-1,"dest shuffleIdx":8,"index":8,"maxParallel":16,"dedup col name":"a"}
{"level":"INFO","time":"2025/10/31 12:01:04.923959 +0800","caller":"compile/operator.go:696","msg":"yyyyyyy dupOperator RightDedupJoin","joinmap tag":4,"source shuffleIdx":-1,"dest shuffleIdx":9,"index":9,"dedup col name":"b"}
{"level":"INFO","time":"2025/10/31 12:01:04.923964 +0800","caller":"compile/operator.go:696","msg":"yyyyyyy dupOperator RightDedupJoin","joinmap tag":3,"source shuffleIdx":-1,"dest shuffleIdx":9,"index":9,"dedup col name":"a"}
{"level":"INFO","time":"2025/10/31 12:01:04.923966 +0800","caller":"compile/operator.go:157","msg":"yyyyyyy dupOperator ShuffleBuild","joinmap tag":3,"source shuffleIdx":-1,"dest shuffleIdx":9,"index":9,"maxParallel":16,"dedup col name":"a"}
{"level":"INFO","time":"2025/10/31 12:01:04.923971 +0800","caller":"compile/operator.go:696","msg":"yyyyyyy dupOperator RightDedupJoin","joinmap tag":4,"source shuffleIdx":-1,"dest shuffleIdx":10,"index":10,"dedup col name":"b"}
{"level":"INFO","time":"2025/10/31 12:01:04.923974 +0800","caller":"compile/operator.go:157","msg":"yyyyyyy dupOperator ShuffleBuild","joinmap tag":3,"source shuffleIdx":-1,"dest shuffleIdx":10,"index":10,"maxParallel":16,"dedup col name":"a"}
{"level":"INFO","time":"2025/10/31 12:01:04.923977 +0800","caller":"compile/operator.go:696","msg":"yyyyyyy dupOperator RightDedupJoin","joinmap tag":3,"source shuffleIdx":-1,"dest shuffleIdx":10,"index":10,"dedup col name":"a"}
{"level":"INFO","time":"2025/10/31 12:01:04.923981 +0800","caller":"compile/operator.go:157","msg":"yyyyyyy dupOperator ShuffleBuild","joinmap tag":3,"source shuffleIdx":-1,"dest shuffleIdx":11,"index":11,"maxParallel":16,"dedup col name":"a"}
{"level":"INFO","time":"2025/10/31 12:01:04.923996 +0800","caller":"compile/operator.go:696","msg":"yyyyyyy dupOperator RightDedupJoin","joinmap tag":4,"source shuffleIdx":-1,"dest shuffleIdx":11,"index":11,"dedup col name":"b"}
{"level":"INFO","time":"2025/10/31 12:01:04.923997 +0800","caller":"compile/operator.go:157","msg":"yyyyyyy dupOperator ShuffleBuild","joinmap tag":3,"source shuffleIdx":-1,"dest shuffleIdx":12,"index":12,"maxParallel":16,"dedup col name":"a"}
{"level":"INFO","time":"2025/10/31 12:01:04.924002 +0800","caller":"compile/operator.go:696","msg":"yyyyyyy dupOperator RightDedupJoin","joinmap tag":3,"source shuffleIdx":-1,"dest shuffleIdx":11,"index":11,"dedup col name":"a"}
{"level":"INFO","time":"2025/10/31 12:01:04.924005 +0800","caller":"compile/operator.go:157","msg":"yyyyyyy dupOperator ShuffleBuild","joinmap tag":3,"source shuffleIdx":-1,"dest shuffleIdx":13,"index":13,"maxParallel":16,"dedup col name":"a"}
{"level":"INFO","time":"2025/10/31 12:01:04.924008 +0800","caller":"compile/operator.go:696","msg":"yyyyyyy dupOperator RightDedupJoin","joinmap tag":4,"source shuffleIdx":-1,"dest shuffleIdx":12,"index":12,"dedup col name":"b"}
{"level":"INFO","time":"2025/10/31 12:01:04.924013 +0800","caller":"compile/operator.go:157","msg":"yyyyyyy dupOperator ShuffleBuild","joinmap tag":3,"source shuffleIdx":-1,"dest shuffleIdx":14,"index":14,"maxParallel":16,"dedup col name":"a"}
{"level":"INFO","time":"2025/10/31 12:01:04.924022 +0800","caller":"compile/operator.go:696","msg":"yyyyyyy dupOperator RightDedupJoin","joinmap tag":3,"source shuffleIdx":-1,"dest shuffleIdx":12,"index":12,"dedup col name":"a"}
{"level":"INFO","time":"2025/10/31 12:01:04.924028 +0800","caller":"compile/operator.go:157","msg":"yyyyyyy dupOperator ShuffleBuild","joinmap tag":3,"source shuffleIdx":-1,"dest shuffleIdx":15,"index":15,"maxParallel":16,"dedup col name":"a"}
{"level":"INFO","time":"2025/10/31 12:01:04.924030 +0800","caller":"compile/operator.go:696","msg":"yyyyyyy dupOperator RightDedupJoin","joinmap tag":4,"source shuffleIdx":-1,"dest shuffleIdx":13,"index":13,"dedup col name":"b"}
{"level":"INFO","time":"2025/10/31 12:01:04.924036 +0800","caller":"compile/operator.go:696","msg":"yyyyyyy dupOperator RightDedupJoin","joinmap tag":3,"source shuffleIdx":-1,"dest shuffleIdx":13,"index":13,"dedup col name":"a"}
{"level":"INFO","time":"2025/10/31 12:01:04.924045 +0800","caller":"compile/operator.go:696","msg":"yyyyyyy dupOperator RightDedupJoin","joinmap tag":4,"source shuffleIdx":-1,"dest shuffleIdx":14,"index":14,"dedup col name":"b"}
{"level":"INFO","time":"2025/10/31 12:01:04.924051 +0800","caller":"compile/operator.go:696","msg":"yyyyyyy dupOperator RightDedupJoin","joinmap tag":3,"source shuffleIdx":-1,"dest shuffleIdx":14,"index":14,"dedup col name":"a"}
{"level":"INFO","time":"2025/10/31 12:01:04.924057 +0800","caller":"compile/operator.go:696","msg":"yyyyyyy dupOperator RightDedupJoin","joinmap tag":4,"source shuffleIdx":-1,"dest shuffleIdx":15,"index":15,"dedup col name":"b"}
{"level":"INFO","time":"2025/10/31 12:01:04.924062 +0800","caller":"compile/operator.go:696","msg":"yyyyyyy dupOperator RightDedupJoin","joinmap tag":3,"source shuffleIdx":-1,"dest shuffleIdx":15,"index":15,"dedup col name":"a"}
{"level":"INFO","time":"2025/10/31 12:01:04.924105 +0800","caller":"rightdedupjoin/join.go:135","msg":"yyyyyyy begin  RightDedupJoin try receive joinmap","joinMapTag":4,"isShuffle":true,"shuffleIdx":15,"dedupColName":"b","dedupColTypesLen":1,"operatorIdx":5}
{"level":"INFO","time":"2025/10/31 12:01:04.924142 +0800","caller":"rightdedupjoin/join.go:135","msg":"yyyyyyy begin  RightDedupJoin try receive joinmap","joinMapTag":4,"isShuffle":true,"shuffleIdx":8,"dedupColName":"b","dedupColTypesLen":1,"operatorIdx":5}
{"level":"INFO","time":"2025/10/31 12:01:04.924155 +0800","caller":"rightdedupjoin/join.go:135","msg":"yyyyyyy begin  RightDedupJoin try receive joinmap","joinMapTag":4,"isShuffle":true,"shuffleIdx":7,"dedupColName":"b","dedupColTypesLen":1,"operatorIdx":5}
{"level":"INFO","time":"2025/10/31 12:01:04.924183 +0800","caller":"rightdedupjoin/join.go:135","msg":"yyyyyyy begin  RightDedupJoin try receive joinmap","joinMapTag":4,"isShuffle":true,"shuffleIdx":3,"dedupColName":"b","dedupColTypesLen":1,"operatorIdx":5}
{"level":"INFO","time":"2025/10/31 12:01:04.924187 +0800","caller":"shufflebuild/build.go:99","msg":"yyyyyyy ShuffleBuild send tag","joinmap tag":3,"shuffleIdx":5,"dedup col name":"a","dedupColTypesLen":1,"operator index":0,"state":2}
{"level":"INFO","time":"2025/10/31 12:01:04.924162 +0800","caller":"rightdedupjoin/join.go:135","msg":"yyyyyyy begin  RightDedupJoin try receive joinmap","joinMapTag":4,"isShuffle":true,"shuffleIdx":9,"dedupColName":"b","dedupColTypesLen":1,"operatorIdx":5}
{"level":"INFO","time":"2025/10/31 12:01:04.924199 +0800","caller":"rightdedupjoin/join.go:135","msg":"yyyyyyy begin  RightDedupJoin try receive joinmap","joinMapTag":4,"isShuffle":true,"shuffleIdx":14,"dedupColName":"b","dedupColTypesLen":1,"operatorIdx":5}
{"level":"INFO","time":"2025/10/31 12:01:04.924203 +0800","caller":"rightdedupjoin/join.go:135","msg":"yyyyyyy begin  RightDedupJoin try receive joinmap","joinMapTag":4,"isShuffle":true,"shuffleIdx":13,"dedupColName":"b","dedupColTypesLen":1,"operatorIdx":5}
{"level":"INFO","time":"2025/10/31 12:01:04.924206 +0800","caller":"message/message.go:180","msg":"yyyyyyy SendMessage","waiters len":5,"debug string":"joinmap message, tag:3\nshuffle index 5\njoinmapPtr is nil \n"}
{"level":"INFO","time":"2025/10/31 12:01:04.924210 +0800","caller":"rightdedupjoin/join.go:135","msg":"yyyyyyy begin  RightDedupJoin try receive joinmap","joinMapTag":4,"isShuffle":true,"shuffleIdx":11,"dedupColName":"b","dedupColTypesLen":1,"operatorIdx":5}
{"level":"INFO","time":"2025/10/31 12:01:04.924208 +0800","caller":"rightdedupjoin/join.go:135","msg":"yyyyyyy begin  RightDedupJoin try receive joinmap","joinMapTag":4,"isShuffle":true,"shuffleIdx":4,"dedupColName":"b","dedupColTypesLen":1,"operatorIdx":5}
{"level":"INFO","time":"2025/10/31 12:01:04.924225 +0800","caller":"rightdedupjoin/join.go:135","msg":"yyyyyyy begin  RightDedupJoin try receive joinmap","joinMapTag":4,"isShuffle":true,"shuffleIdx":2,"dedupColName":"b","dedupColTypesLen":1,"operatorIdx":5}
{"level":"INFO","time":"2025/10/31 12:01:04.924226 +0800","caller":"rightdedupjoin/join.go:135","msg":"yyyyyyy begin  RightDedupJoin try receive joinmap","joinMapTag":4,"isShuffle":true,"shuffleIdx":5,"dedupColName":"b","dedupColTypesLen":1,"operatorIdx":5}
{"level":"INFO","time":"2025/10/31 12:01:04.924228 +0800","caller":"rightdedupjoin/join.go:135","msg":"yyyyyyy begin  RightDedupJoin try receive joinmap","joinMapTag":4,"isShuffle":true,"shuffleIdx":6,"dedupColName":"b","dedupColTypesLen":1,"operatorIdx":5}
{"level":"INFO","time":"2025/10/31 12:01:04.924186 +0800","caller":"rightdedupjoin/join.go:135","msg":"yyyyyyy begin  RightDedupJoin try receive joinmap","joinMapTag":4,"isShuffle":true,"shuffleIdx":12,"dedupColName":"b","dedupColTypesLen":1,"operatorIdx":5}
{"level":"INFO","time":"2025/10/31 12:01:04.924229 +0800","caller":"rightdedupjoin/join.go:135","msg":"yyyyyyy begin  RightDedupJoin try receive joinmap","joinMapTag":4,"isShuffle":true,"shuffleIdx":10,"dedupColName":"b","dedupColTypesLen":1,"operatorIdx":5}
{"level":"INFO","time":"2025/10/31 12:01:04.924233 +0800","caller":"shufflebuild/build.go:99","msg":"yyyyyyy ShuffleBuild send tag","joinmap tag":3,"shuffleIdx":3,"dedup col name":"a","dedupColTypesLen":1,"operator index":0,"state":2}
{"level":"INFO","time":"2025/10/31 12:01:04.924237 +0800","caller":"rightdedupjoin/join.go:135","msg":"yyyyyyy begin  RightDedupJoin try receive joinmap","joinMapTag":4,"isShuffle":true,"shuffleIdx":1,"dedupColName":"b","dedupColTypesLen":1,"operatorIdx":5}
{"level":"INFO","time":"2025/10/31 12:01:04.924241 +0800","caller":"shufflebuild/build.go:99","msg":"yyyyyyy ShuffleBuild send tag","joinmap tag":3,"shuffleIdx":2,"dedup col name":"a","dedupColTypesLen":1,"operator index":0,"state":2}
{"level":"INFO","time":"2025/10/31 12:01:04.924243 +0800","caller":"rightdedupjoin/join.go:135","msg":"yyyyyyy begin  RightDedupJoin try receive joinmap","joinMapTag":4,"isShuffle":true,"shuffleIdx":0,"dedupColName":"b","dedupColTypesLen":1,"operatorIdx":5}
{"level":"INFO","time":"2025/10/31 12:01:04.924253 +0800","caller":"message/message.go:180","msg":"yyyyyyy SendMessage","waiters len":7,"debug string":"joinmap message, tag:3\nshuffle index 2\njoinmapPtr is nil \n"}
{"level":"INFO","time":"2025/10/31 12:01:04.924279 +0800","caller":"shufflebuild/build.go:99","msg":"yyyyyyy ShuffleBuild send tag","joinmap tag":3,"shuffleIdx":0,"dedup col name":"a","dedupColTypesLen":1,"operator index":0,"state":2}
{"level":"INFO","time":"2025/10/31 12:01:04.924290 +0800","caller":"message/message.go:180","msg":"yyyyyyy SendMessage","waiters len":8,"debug string":"joinmap message, tag:3\nshuffle index 0\njoinmapPtr is nil \n"}
{"level":"INFO","time":"2025/10/31 12:01:04.924310 +0800","caller":"shufflebuild/build.go:99","msg":"yyyyyyy ShuffleBuild send tag","joinmap tag":3,"shuffleIdx":1,"dedup col name":"a","dedupColTypesLen":1,"operator index":0,"state":2}
{"level":"INFO","time":"2025/10/31 12:01:04.924319 +0800","caller":"message/message.go:180","msg":"yyyyyyy SendMessage","waiters len":9,"debug string":"joinmap message, tag:3\nshuffle index 1\njoinmapPtr is nil \n"}
{"level":"INFO","time":"2025/10/31 12:01:04.924333 +0800","caller":"shufflebuild/build.go:99","msg":"yyyyyyy ShuffleBuild send tag","joinmap tag":3,"shuffleIdx":9,"dedup col name":"a","dedupColTypesLen":1,"operator index":0,"state":2}
{"level":"INFO","time":"2025/10/31 12:01:04.924339 +0800","caller":"message/message.go:180","msg":"yyyyyyy SendMessage","waiters len":9,"debug string":"joinmap message, tag:3\nshuffle index 9\njoinmapPtr is nil \n"}
{"level":"INFO","time":"2025/10/31 12:01:04.924362 +0800","caller":"shufflebuild/build.go:99","msg":"yyyyyyy ShuffleBuild send tag","joinmap tag":3,"shuffleIdx":10,"dedup col name":"a","dedupColTypesLen":1,"operator index":0,"state":2}
{"level":"INFO","time":"2025/10/31 12:01:04.924367 +0800","caller":"message/message.go:180","msg":"yyyyyyy SendMessage","waiters len":9,"debug string":"joinmap message, tag:3\nshuffle index 10\njoinmapPtr is nil \n"}
{"level":"INFO","time":"2025/10/31 12:01:04.924380 +0800","caller":"shufflebuild/build.go:99","msg":"yyyyyyy ShuffleBuild send tag","joinmap tag":3,"shuffleIdx":7,"dedup col name":"a","dedupColTypesLen":1,"operator index":0,"state":2}
{"level":"INFO","time":"2025/10/31 12:01:04.924387 +0800","caller":"message/message.go:180","msg":"yyyyyyy SendMessage","waiters len":9,"debug string":"joinmap message, tag:3\nshuffle index 7\njoinmapPtr is nil \n"}
{"level":"INFO","time":"2025/10/31 12:01:04.924413 +0800","caller":"shufflebuild/build.go:99","msg":"yyyyyyy ShuffleBuild send tag","joinmap tag":3,"shuffleIdx":11,"dedup col name":"a","dedupColTypesLen":1,"operator index":0,"state":2}
{"level":"INFO","time":"2025/10/31 12:01:04.924421 +0800","caller":"message/message.go:180","msg":"yyyyyyy SendMessage","waiters len":9,"debug string":"joinmap message, tag:3\nshuffle index 11\njoinmapPtr is nil \n"}
{"level":"INFO","time":"2025/10/31 12:01:04.924438 +0800","caller":"shufflebuild/build.go:99","msg":"yyyyyyy ShuffleBuild send tag","joinmap tag":3,"shuffleIdx":12,"dedup col name":"a","dedupColTypesLen":1,"operator index":0,"state":2}
{"level":"INFO","time":"2025/10/31 12:01:04.924450 +0800","caller":"message/message.go:180","msg":"yyyyyyy SendMessage","waiters len":9,"debug string":"joinmap message, tag:3\nshuffle index 12\njoinmapPtr is nil \n"}
{"level":"INFO","time":"2025/10/31 12:01:04.924471 +0800","caller":"shufflebuild/build.go:99","msg":"yyyyyyy ShuffleBuild send tag","joinmap tag":3,"shuffleIdx":13,"dedup col name":"a","dedupColTypesLen":1,"operator index":0,"state":2}
{"level":"INFO","time":"2025/10/31 12:01:04.924478 +0800","caller":"message/message.go:180","msg":"yyyyyyy SendMessage","waiters len":10,"debug string":"joinmap message, tag:3\nshuffle index 13\njoinmapPtr is nil \n"}
{"level":"INFO","time":"2025/10/31 12:01:04.924494 +0800","caller":"shufflebuild/build.go:99","msg":"yyyyyyy ShuffleBuild send tag","joinmap tag":3,"shuffleIdx":14,"dedup col name":"a","dedupColTypesLen":1,"operator index":0,"state":2}
{"level":"INFO","time":"2025/10/31 12:01:04.924502 +0800","caller":"message/message.go:180","msg":"yyyyyyy SendMessage","waiters len":10,"debug string":"joinmap message, tag:3\nshuffle index 14\njoinmapPtr is nil \n"}
{"level":"INFO","time":"2025/10/31 12:01:04.924529 +0800","caller":"shufflebuild/build.go:99","msg":"yyyyyyy ShuffleBuild send tag","joinmap tag":3,"shuffleIdx":15,"dedup col name":"a","dedupColTypesLen":1,"operator index":0,"state":2}
{"level":"INFO","time":"2025/10/31 12:01:04.924537 +0800","caller":"message/message.go:180","msg":"yyyyyyy SendMessage","waiters len":10,"debug string":"joinmap message, tag:3\nshuffle index 15\njoinmapPtr is nil \n"}
{"level":"INFO","time":"2025/10/31 12:01:04.924560 +0800","caller":"shufflebuild/build.go:99","msg":"yyyyyyy ShuffleBuild send tag","joinmap tag":3,"shuffleIdx":8,"dedup col name":"a","dedupColTypesLen":1,"operator index":0,"state":2}
{"level":"INFO","time":"2025/10/31 12:01:04.924572 +0800","caller":"message/message.go:180","msg":"yyyyyyy SendMessage","waiters len":10,"debug string":"joinmap message, tag:3\nshuffle index 8\njoinmapPtr is nil \n"}
{"level":"INFO","time":"2025/10/31 12:01:04.924578 +0800","caller":"shufflebuild/build.go:99","msg":"yyyyyyy ShuffleBuild send tag","joinmap tag":3,"shuffleIdx":6,"dedup col name":"a","dedupColTypesLen":1,"operator index":0,"state":2}
{"level":"INFO","time":"2025/10/31 12:01:04.924594 +0800","caller":"message/message.go:180","msg":"yyyyyyy SendMessage","waiters len":10,"debug string":"joinmap message, tag:3\nshuffle index 6\njoinmapPtr is nil \n"}
{"level":"INFO","time":"2025/10/31 12:01:04.924615 +0800","caller":"shufflebuild/build.go:99","msg":"yyyyyyy ShuffleBuild send tag","joinmap tag":3,"shuffleIdx":4,"dedup col name":"a","dedupColTypesLen":1,"operator index":0,"state":2}
{"level":"INFO","time":"2025/10/31 12:01:04.924622 +0800","caller":"message/message.go:180","msg":"yyyyyyy SendMessage","waiters len":11,"debug string":"joinmap message, tag:3\nshuffle index 4\njoinmapPtr is nil \n"}
{"level":"INFO","time":"2025/10/31 12:01:04.924646 +0800","caller":"message/message.go:180","msg":"yyyyyyy SendMessage","waiters len":15,"debug string":"joinmap message, tag:3\nshuffle index 3\njoinmapPtr is nil \n"}
{"level":"INFO","time":"2025/10/31 12:01:04.924986 +0800","caller":"compile/operator.go:157","msg":"yyyyyyy dupOperator ShuffleBuild","joinmap tag":4,"source shuffleIdx":-1,"dest shuffleIdx":1,"index":1,"maxParallel":16,"dedup col name":"b"}
{"level":"INFO","time":"2025/10/31 12:01:04.925004 +0800","caller":"compile/operator.go:157","msg":"yyyyyyy dupOperator ShuffleBuild","joinmap tag":4,"source shuffleIdx":-1,"dest shuffleIdx":2,"index":2,"maxParallel":16,"dedup col name":"b"}
{"level":"INFO","time":"2025/10/31 12:01:04.925010 +0800","caller":"compile/operator.go:157","msg":"yyyyyyy dupOperator ShuffleBuild","joinmap tag":4,"source shuffleIdx":-1,"dest shuffleIdx":3,"index":3,"maxParallel":16,"dedup col name":"b"}
{"level":"INFO","time":"2025/10/31 12:01:04.925015 +0800","caller":"compile/operator.go:157","msg":"yyyyyyy dupOperator ShuffleBuild","joinmap tag":4,"source shuffleIdx":-1,"dest shuffleIdx":4,"index":4,"maxParallel":16,"dedup col name":"b"}
{"level":"INFO","time":"2025/10/31 12:01:04.925019 +0800","caller":"compile/operator.go:157","msg":"yyyyyyy dupOperator ShuffleBuild","joinmap tag":4,"source shuffleIdx":-1,"dest shuffleIdx":5,"index":5,"maxParallel":16,"dedup col name":"b"}
{"level":"INFO","time":"2025/10/31 12:01:04.925025 +0800","caller":"compile/operator.go:157","msg":"yyyyyyy dupOperator ShuffleBuild","joinmap tag":4,"source shuffleIdx":-1,"dest shuffleIdx":6,"index":6,"maxParallel":16,"dedup col name":"b"}
{"level":"INFO","time":"2025/10/31 12:01:04.925029 +0800","caller":"compile/operator.go:157","msg":"yyyyyyy dupOperator ShuffleBuild","joinmap tag":4,"source shuffleIdx":-1,"dest shuffleIdx":7,"index":7,"maxParallel":16,"dedup col name":"b"}
{"level":"INFO","time":"2025/10/31 12:01:04.925037 +0800","caller":"compile/operator.go:157","msg":"yyyyyyy dupOperator ShuffleBuild","joinmap tag":4,"source shuffleIdx":-1,"dest shuffleIdx":8,"index":8,"maxParallel":16,"dedup col name":"b"}
{"level":"INFO","time":"2025/10/31 12:01:04.925041 +0800","caller":"compile/operator.go:157","msg":"yyyyyyy dupOperator ShuffleBuild","joinmap tag":4,"source shuffleIdx":-1,"dest shuffleIdx":9,"index":9,"maxParallel":16,"dedup col name":"b"}
{"level":"INFO","time":"2025/10/31 12:01:04.925046 +0800","caller":"compile/operator.go:157","msg":"yyyyyyy dupOperator ShuffleBuild","joinmap tag":4,"source shuffleIdx":-1,"dest shuffleIdx":10,"index":10,"maxParallel":16,"dedup col name":"b"}
{"level":"INFO","time":"2025/10/31 12:01:04.925051 +0800","caller":"compile/operator.go:157","msg":"yyyyyyy dupOperator ShuffleBuild","joinmap tag":4,"source shuffleIdx":-1,"dest shuffleIdx":11,"index":11,"maxParallel":16,"dedup col name":"b"}
{"level":"INFO","time":"2025/10/31 12:01:04.925056 +0800","caller":"compile/operator.go:157","msg":"yyyyyyy dupOperator ShuffleBuild","joinmap tag":4,"source shuffleIdx":-1,"dest shuffleIdx":12,"index":12,"maxParallel":16,"dedup col name":"b"}
{"level":"INFO","time":"2025/10/31 12:01:04.925061 +0800","caller":"compile/operator.go:157","msg":"yyyyyyy dupOperator ShuffleBuild","joinmap tag":4,"source shuffleIdx":-1,"dest shuffleIdx":13,"index":13,"maxParallel":16,"dedup col name":"b"}
{"level":"INFO","time":"2025/10/31 12:01:04.925069 +0800","caller":"compile/operator.go:157","msg":"yyyyyyy dupOperator ShuffleBuild","joinmap tag":4,"source shuffleIdx":-1,"dest shuffleIdx":14,"index":14,"maxParallel":16,"dedup col name":"b"}
{"level":"INFO","time":"2025/10/31 12:01:04.925073 +0800","caller":"compile/operator.go:157","msg":"yyyyyyy dupOperator ShuffleBuild","joinmap tag":4,"source shuffleIdx":-1,"dest shuffleIdx":15,"index":15,"maxParallel":16,"dedup col name":"b"}
{"level":"INFO","time":"2025/10/31 12:01:04.925126 +0800","caller":"shufflebuild/build.go:99","msg":"yyyyyyy ShuffleBuild send tag","joinmap tag":4,"shuffleIdx":5,"dedup col name":"b","dedupColTypesLen":1,"operator index":0,"state":2}
{"level":"INFO","time":"2025/10/31 12:01:04.925135 +0800","caller":"message/message.go:180","msg":"yyyyyyy SendMessage","waiters len":16,"debug string":"joinmap message, tag:4\nshuffle index 5\njoinmapPtr is nil \n"}
{"level":"INFO","time":"2025/10/31 12:01:04.925146 +0800","caller":"shufflebuild/build.go:99","msg":"yyyyyyy ShuffleBuild send tag","joinmap tag":4,"shuffleIdx":0,"dedup col name":"b","dedupColTypesLen":1,"operator index":0,"state":2}
{"level":"INFO","time":"2025/10/31 12:01:04.925153 +0800","caller":"message/message.go:180","msg":"yyyyyyy SendMessage","waiters len":16,"debug string":"joinmap message, tag:4\nshuffle index 0\njoinmapPtr is nil \n"}
{"level":"INFO","time":"2025/10/31 12:01:04.925162 +0800","caller":"shufflebuild/build.go:99","msg":"yyyyyyy ShuffleBuild send tag","joinmap tag":4,"shuffleIdx":1,"dedup col name":"b","dedupColTypesLen":1,"operator index":0,"state":2}
{"level":"INFO","time":"2025/10/31 12:01:04.925169 +0800","caller":"message/message.go:180","msg":"yyyyyyy SendMessage","waiters len":16,"debug string":"joinmap message, tag:4\nshuffle index 1\njoinmapPtr is nil \n"}
{"level":"INFO","time":"2025/10/31 12:01:04.925178 +0800","caller":"shufflebuild/build.go:99","msg":"yyyyyyy ShuffleBuild send tag","joinmap tag":4,"shuffleIdx":2,"dedup col name":"b","dedupColTypesLen":1,"operator index":0,"state":2}
{"level":"INFO","time":"2025/10/31 12:01:04.925184 +0800","caller":"message/message.go:180","msg":"yyyyyyy SendMessage","waiters len":16,"debug string":"joinmap message, tag:4\nshuffle index 2\njoinmapPtr is nil \n"}
{"level":"INFO","time":"2025/10/31 12:01:04.925193 +0800","caller":"shufflebuild/build.go:99","msg":"yyyyyyy ShuffleBuild send tag","joinmap tag":4,"shuffleIdx":3,"dedup col name":"b","dedupColTypesLen":1,"operator index":0,"state":2}
{"level":"INFO","time":"2025/10/31 12:01:04.925199 +0800","caller":"message/message.go:180","msg":"yyyyyyy SendMessage","waiters len":16,"debug string":"joinmap message, tag:4\nshuffle index 3\njoinmapPtr is nil \n"}
{"level":"INFO","time":"2025/10/31 12:01:04.925207 +0800","caller":"shufflebuild/build.go:99","msg":"yyyyyyy ShuffleBuild send tag","joinmap tag":4,"shuffleIdx":4,"dedup col name":"b","dedupColTypesLen":1,"operator index":0,"state":2}
{"level":"INFO","time":"2025/10/31 12:01:04.925214 +0800","caller":"message/message.go:180","msg":"yyyyyyy SendMessage","waiters len":16,"debug string":"joinmap message, tag:4\nshuffle index 4\njoinmapPtr is nil \n"}
{"level":"INFO","time":"2025/10/31 12:01:04.925223 +0800","caller":"shufflebuild/build.go:99","msg":"yyyyyyy ShuffleBuild send tag","joinmap tag":4,"shuffleIdx":6,"dedup col name":"b","dedupColTypesLen":1,"operator index":0,"state":2}
{"level":"INFO","time":"2025/10/31 12:01:04.925230 +0800","caller":"message/message.go:180","msg":"yyyyyyy SendMessage","waiters len":16,"debug string":"joinmap message, tag:4\nshuffle index 6\njoinmapPtr is nil \n"}
{"level":"INFO","time":"2025/10/31 12:01:04.925238 +0800","caller":"shufflebuild/build.go:99","msg":"yyyyyyy ShuffleBuild send tag","joinmap tag":4,"shuffleIdx":7,"dedup col name":"b","dedupColTypesLen":1,"operator index":0,"state":2}
{"level":"INFO","time":"2025/10/31 12:01:04.925245 +0800","caller":"message/message.go:180","msg":"yyyyyyy SendMessage","waiters len":16,"debug string":"joinmap message, tag:4\nshuffle index 7\njoinmapPtr is nil \n"}
{"level":"INFO","time":"2025/10/31 12:01:04.925254 +0800","caller":"shufflebuild/build.go:99","msg":"yyyyyyy ShuffleBuild send tag","joinmap tag":4,"shuffleIdx":8,"dedup col name":"b","dedupColTypesLen":1,"operator index":0,"state":2}
{"level":"INFO","time":"2025/10/31 12:01:04.925260 +0800","caller":"message/message.go:180","msg":"yyyyyyy SendMessage","waiters len":16,"debug string":"joinmap message, tag:4\nshuffle index 8\njoinmapPtr is nil \n"}
{"level":"INFO","time":"2025/10/31 12:01:04.925268 +0800","caller":"shufflebuild/build.go:99","msg":"yyyyyyy ShuffleBuild send tag","joinmap tag":4,"shuffleIdx":9,"dedup col name":"b","dedupColTypesLen":1,"operator index":0,"state":2}
{"level":"INFO","time":"2025/10/31 12:01:04.925275 +0800","caller":"message/message.go:180","msg":"yyyyyyy SendMessage","waiters len":16,"debug string":"joinmap message, tag:4\nshuffle index 9\njoinmapPtr is nil \n"}
{"level":"INFO","time":"2025/10/31 12:01:04.925284 +0800","caller":"shufflebuild/build.go:99","msg":"yyyyyyy ShuffleBuild send tag","joinmap tag":4,"shuffleIdx":10,"dedup col name":"b","dedupColTypesLen":1,"operator index":0,"state":2}
{"level":"INFO","time":"2025/10/31 12:01:04.925290 +0800","caller":"message/message.go:180","msg":"yyyyyyy SendMessage","waiters len":16,"debug string":"joinmap message, tag:4\nshuffle index 10\njoinmapPtr is nil \n"}
{"level":"INFO","time":"2025/10/31 12:01:04.925298 +0800","caller":"rightdedupjoin/join.go:145","msg":"yyyyyyy end   RightDedupJoin receive joinmap","joinMapTag":4,"isShuffle":true,"shuffleIdx":8,"dedupColName":"b","dedupColTypesLen":1,"operatorIdx":5}
{"level":"INFO","time":"2025/10/31 12:01:04.925301 +0800","caller":"rightdedupjoin/join.go:145","msg":"yyyyyyy end   RightDedupJoin receive joinmap","joinMapTag":4,"isShuffle":true,"shuffleIdx":1,"dedupColName":"b","dedupColTypesLen":1,"operatorIdx":5}
{"level":"INFO","time":"2025/10/31 12:01:04.925300 +0800","caller":"rightdedupjoin/join.go:145","msg":"yyyyyyy end   RightDedupJoin receive joinmap","joinMapTag":4,"isShuffle":true,"shuffleIdx":10,"dedupColName":"b","dedupColTypesLen":1,"operatorIdx":5}
{"level":"INFO","time":"2025/10/31 12:01:04.925309 +0800","caller":"rightdedupjoin/join.go:145","msg":"yyyyyyy end   RightDedupJoin receive joinmap","joinMapTag":4,"isShuffle":true,"shuffleIdx":6,"dedupColName":"b","dedupColTypesLen":1,"operatorIdx":5}
{"level":"INFO","time":"2025/10/31 12:01:04.925327 +0800","caller":"rightdedupjoin/join.go:135","msg":"yyyyyyy begin  RightDedupJoin try receive joinmap","joinMapTag":3,"isShuffle":true,"shuffleIdx":10,"dedupColName":"a","dedupColTypesLen":1,"operatorIdx":3}
{"level":"INFO","time":"2025/10/31 12:01:04.925329 +0800","caller":"rightdedupjoin/join.go:135","msg":"yyyyyyy begin  RightDedupJoin try receive joinmap","joinMapTag":3,"isShuffle":true,"shuffleIdx":1,"dedupColName":"a","dedupColTypesLen":1,"operatorIdx":3}
{"level":"INFO","time":"2025/10/31 12:01:04.925331 +0800","caller":"rightdedupjoin/join.go:135","msg":"yyyyyyy begin  RightDedupJoin try receive joinmap","joinMapTag":3,"isShuffle":true,"shuffleIdx":8,"dedupColName":"a","dedupColTypesLen":1,"operatorIdx":3}
{"level":"INFO","time":"2025/10/31 12:01:04.925337 +0800","caller":"rightdedupjoin/join.go:135","msg":"yyyyyyy begin  RightDedupJoin try receive joinmap","joinMapTag":3,"isShuffle":true,"shuffleIdx":6,"dedupColName":"a","dedupColTypesLen":1,"operatorIdx":3}
{"level":"INFO","time":"2025/10/31 12:01:04.925351 +0800","caller":"shufflebuild/build.go:99","msg":"yyyyyyy ShuffleBuild send tag","joinmap tag":4,"shuffleIdx":15,"dedup col name":"b","dedupColTypesLen":1,"operator index":0,"state":2}
{"level":"INFO","time":"2025/10/31 12:01:04.925369 +0800","caller":"rightdedupjoin/join.go:145","msg":"yyyyyyy end   RightDedupJoin receive joinmap","joinMapTag":3,"isShuffle":true,"shuffleIdx":1,"dedupColName":"a","dedupColTypesLen":1,"operatorIdx":3}
{"level":"INFO","time":"2025/10/31 12:01:04.925371 +0800","caller":"rightdedupjoin/join.go:145","msg":"yyyyyyy end   RightDedupJoin receive joinmap","joinMapTag":3,"isShuffle":true,"shuffleIdx":8,"dedupColName":"a","dedupColTypesLen":1,"operatorIdx":3}
{"level":"INFO","time":"2025/10/31 12:01:04.925376 +0800","caller":"rightdedupjoin/join.go:145","msg":"yyyyyyy end   RightDedupJoin receive joinmap","joinMapTag":4,"isShuffle":true,"shuffleIdx":5,"dedupColName":"b","dedupColTypesLen":1,"operatorIdx":5}
{"level":"INFO","time":"2025/10/31 12:01:04.925395 +0800","caller":"rightdedupjoin/join.go:135","msg":"yyyyyyy begin  RightDedupJoin try receive joinmap","joinMapTag":3,"isShuffle":true,"shuffleIdx":5,"dedupColName":"a","dedupColTypesLen":1,"operatorIdx":3}
{"level":"INFO","time":"2025/10/31 12:01:04.925403 +0800","caller":"message/message.go:180","msg":"yyyyyyy SendMessage","waiters len":16,"debug string":"joinmap message, tag:4\nshuffle index 15\njoinmapPtr is nil \n"}
{"level":"INFO","time":"2025/10/31 12:01:04.925419 +0800","caller":"rightdedupjoin/join.go:145","msg":"yyyyyyy end   RightDedupJoin receive joinmap","joinMapTag":3,"isShuffle":true,"shuffleIdx":6,"dedupColName":"a","dedupColTypesLen":1,"operatorIdx":3}
{"level":"INFO","time":"2025/10/31 12:01:04.925421 +0800","caller":"rightdedupjoin/join.go:145","msg":"yyyyyyy end   RightDedupJoin receive joinmap","joinMapTag":4,"isShuffle":true,"shuffleIdx":15,"dedupColName":"b","dedupColTypesLen":1,"operatorIdx":5}
{"level":"INFO","time":"2025/10/31 12:01:04.925436 +0800","caller":"rightdedupjoin/join.go:135","msg":"yyyyyyy begin  RightDedupJoin try receive joinmap","joinMapTag":3,"isShuffle":true,"shuffleIdx":15,"dedupColName":"a","dedupColTypesLen":1,"operatorIdx":3}
{"level":"INFO","time":"2025/10/31 12:01:04.925442 +0800","caller":"rightdedupjoin/join.go:145","msg":"yyyyyyy end   RightDedupJoin receive joinmap","joinMapTag":4,"isShuffle":true,"shuffleIdx":9,"dedupColName":"b","dedupColTypesLen":1,"operatorIdx":5}
{"level":"INFO","time":"2025/10/31 12:01:04.925445 +0800","caller":"rightdedupjoin/join.go:145","msg":"yyyyyyy end   RightDedupJoin receive joinmap","joinMapTag":3,"isShuffle":true,"shuffleIdx":15,"dedupColName":"a","dedupColTypesLen":1,"operatorIdx":3}
{"level":"INFO","time":"2025/10/31 12:01:04.925452 +0800","caller":"rightdedupjoin/join.go:145","msg":"yyyyyyy end   RightDedupJoin receive joinmap","joinMapTag":4,"isShuffle":true,"shuffleIdx":3,"dedupColName":"b","dedupColTypesLen":1,"operatorIdx":5}
{"level":"INFO","time":"2025/10/31 12:01:04.925454 +0800","caller":"rightdedupjoin/join.go:145","msg":"yyyyyyy end   RightDedupJoin receive joinmap","joinMapTag":4,"isShuffle":true,"shuffleIdx":0,"dedupColName":"b","dedupColTypesLen":1,"operatorIdx":5}
{"level":"INFO","time":"2025/10/31 12:01:04.925458 +0800","caller":"rightdedupjoin/join.go:135","msg":"yyyyyyy begin  RightDedupJoin try receive joinmap","joinMapTag":3,"isShuffle":true,"shuffleIdx":9,"dedupColName":"a","dedupColTypesLen":1,"operatorIdx":3}
{"level":"INFO","time":"2025/10/31 12:01:04.925459 +0800","caller":"rightdedupjoin/join.go:145","msg":"yyyyyyy end   RightDedupJoin receive joinmap","joinMapTag":3,"isShuffle":true,"shuffleIdx":5,"dedupColName":"a","dedupColTypesLen":1,"operatorIdx":3}
{"level":"INFO","time":"2025/10/31 12:01:04.925369 +0800","caller":"rightdedupjoin/join.go:145","msg":"yyyyyyy end   RightDedupJoin receive joinmap","joinMapTag":3,"isShuffle":true,"shuffleIdx":10,"dedupColName":"a","dedupColTypesLen":1,"operatorIdx":3}
{"level":"INFO","time":"2025/10/31 12:01:04.925464 +0800","caller":"rightdedupjoin/join.go:145","msg":"yyyyyyy end   RightDedupJoin receive joinmap","joinMapTag":4,"isShuffle":true,"shuffleIdx":2,"dedupColName":"b","dedupColTypesLen":1,"operatorIdx":5}
{"level":"INFO","time":"2025/10/31 12:01:04.925467 +0800","caller":"rightdedupjoin/join.go:145","msg":"yyyyyyy end   RightDedupJoin receive joinmap","joinMapTag":3,"isShuffle":true,"shuffleIdx":9,"dedupColName":"a","dedupColTypesLen":1,"operatorIdx":3}
{"level":"INFO","time":"2025/10/31 12:01:04.925468 +0800","caller":"rightdedupjoin/join.go:135","msg":"yyyyyyy begin  RightDedupJoin try receive joinmap","joinMapTag":3,"isShuffle":true,"shuffleIdx":0,"dedupColName":"a","dedupColTypesLen":1,"operatorIdx":3}
{"level":"INFO","time":"2025/10/31 12:01:04.925468 +0800","caller":"rightdedupjoin/join.go:135","msg":"yyyyyyy begin  RightDedupJoin try receive joinmap","joinMapTag":3,"isShuffle":true,"shuffleIdx":3,"dedupColName":"a","dedupColTypesLen":1,"operatorIdx":3}
{"level":"INFO","time":"2025/10/31 12:01:04.925474 +0800","caller":"shufflebuild/build.go:99","msg":"yyyyyyy ShuffleBuild send tag","joinmap tag":4,"shuffleIdx":12,"dedup col name":"b","dedupColTypesLen":1,"operator index":0,"state":2}
{"level":"INFO","time":"2025/10/31 12:01:04.925492 +0800","caller":"shufflebuild/build.go:99","msg":"yyyyyyy ShuffleBuild send tag","joinmap tag":4,"shuffleIdx":14,"dedup col name":"b","dedupColTypesLen":1,"operator index":0,"state":2}
{"level":"INFO","time":"2025/10/31 12:01:04.925505 +0800","caller":"message/message.go:180","msg":"yyyyyyy SendMessage","waiters len":16,"debug string":"joinmap message, tag:4\nshuffle index 12\njoinmapPtr is nil \n"}
{"level":"INFO","time":"2025/10/31 12:01:04.925369 +0800","caller":"rightdedupjoin/join.go:145","msg":"yyyyyyy end   RightDedupJoin receive joinmap","joinMapTag":4,"isShuffle":true,"shuffleIdx":7,"dedupColName":"b","dedupColTypesLen":1,"operatorIdx":5}
{"level":"INFO","time":"2025/10/31 12:01:04.925466 +0800","caller":"shufflebuild/build.go:99","msg":"yyyyyyy ShuffleBuild send tag","joinmap tag":4,"shuffleIdx":11,"dedup col name":"b","dedupColTypesLen":1,"operator index":0,"state":2}
{"level":"INFO","time":"2025/10/31 12:01:04.925522 +0800","caller":"rightdedupjoin/join.go:135","msg":"yyyyyyy begin  RightDedupJoin try receive joinmap","joinMapTag":3,"isShuffle":true,"shuffleIdx":7,"dedupColName":"a","dedupColTypesLen":1,"operatorIdx":3}
{"level":"INFO","time":"2025/10/31 12:01:04.925523 +0800","caller":"message/message.go:180","msg":"yyyyyyy SendMessage","waiters len":16,"debug string":"joinmap message, tag:4\nshuffle index 11\njoinmapPtr is nil \n"}
{"level":"INFO","time":"2025/10/31 12:01:04.925435 +0800","caller":"rightdedupjoin/join.go:145","msg":"yyyyyyy end   RightDedupJoin receive joinmap","joinMapTag":4,"isShuffle":true,"shuffleIdx":4,"dedupColName":"b","dedupColTypesLen":1,"operatorIdx":5}
{"level":"INFO","time":"2025/10/31 12:01:04.925542 +0800","caller":"rightdedupjoin/join.go:135","msg":"yyyyyyy begin  RightDedupJoin try receive joinmap","joinMapTag":3,"isShuffle":true,"shuffleIdx":4,"dedupColName":"a","dedupColTypesLen":1,"operatorIdx":3}
{"level":"INFO","time":"2025/10/31 12:01:04.925549 +0800","caller":"rightdedupjoin/join.go:145","msg":"yyyyyyy end   RightDedupJoin receive joinmap","joinMapTag":3,"isShuffle":true,"shuffleIdx":4,"dedupColName":"a","dedupColTypesLen":1,"operatorIdx":3}
{"level":"INFO","time":"2025/10/31 12:01:04.925477 +0800","caller":"rightdedupjoin/join.go:145","msg":"yyyyyyy end   RightDedupJoin receive joinmap","joinMapTag":3,"isShuffle":true,"shuffleIdx":0,"dedupColName":"a","dedupColTypesLen":1,"operatorIdx":3}
{"level":"INFO","time":"2025/10/31 12:01:04.925554 +0800","caller":"rightdedupjoin/join.go:145","msg":"yyyyyyy end   RightDedupJoin receive joinmap","joinMapTag":4,"isShuffle":true,"shuffleIdx":11,"dedupColName":"b","dedupColTypesLen":1,"operatorIdx":5}
{"level":"INFO","time":"2025/10/31 12:01:04.925564 +0800","caller":"message/message.go:180","msg":"yyyyyyy SendMessage","waiters len":16,"debug string":"joinmap message, tag:4\nshuffle index 14\njoinmapPtr is nil \n"}
{"level":"INFO","time":"2025/10/31 12:01:04.925579 +0800","caller":"rightdedupjoin/join.go:145","msg":"yyyyyyy end   RightDedupJoin receive joinmap","joinMapTag":4,"isShuffle":true,"shuffleIdx":12,"dedupColName":"b","dedupColTypesLen":1,"operatorIdx":5}
{"level":"INFO","time":"2025/10/31 12:01:04.925581 +0800","caller":"rightdedupjoin/join.go:135","msg":"yyyyyyy begin  RightDedupJoin try receive joinmap","joinMapTag":3,"isShuffle":true,"shuffleIdx":11,"dedupColName":"a","dedupColTypesLen":1,"operatorIdx":3}
{"level":"INFO","time":"2025/10/31 12:01:04.925478 +0800","caller":"rightdedupjoin/join.go:145","msg":"yyyyyyy end   RightDedupJoin receive joinmap","joinMapTag":3,"isShuffle":true,"shuffleIdx":3,"dedupColName":"a","dedupColTypesLen":1,"operatorIdx":3}
{"level":"INFO","time":"2025/10/31 12:01:04.925585 +0800","caller":"rightdedupjoin/join.go:145","msg":"yyyyyyy end   RightDedupJoin receive joinmap","joinMapTag":4,"isShuffle":true,"shuffleIdx":14,"dedupColName":"b","dedupColTypesLen":1,"operatorIdx":5}
{"level":"INFO","time":"2025/10/31 12:01:04.925555 +0800","caller":"rightdedupjoin/join.go:145","msg":"yyyyyyy end   RightDedupJoin receive joinmap","joinMapTag":3,"isShuffle":true,"shuffleIdx":7,"dedupColName":"a","dedupColTypesLen":1,"operatorIdx":3}
{"level":"INFO","time":"2025/10/31 12:01:04.925591 +0800","caller":"rightdedupjoin/join.go:135","msg":"yyyyyyy begin  RightDedupJoin try receive joinmap","joinMapTag":3,"isShuffle":true,"shuffleIdx":12,"dedupColName":"a","dedupColTypesLen":1,"operatorIdx":3}
{"level":"INFO","time":"2025/10/31 12:01:04.925598 +0800","caller":"rightdedupjoin/join.go:135","msg":"yyyyyyy begin  RightDedupJoin try receive joinmap","joinMapTag":3,"isShuffle":true,"shuffleIdx":14,"dedupColName":"a","dedupColTypesLen":1,"operatorIdx":3}
{"level":"INFO","time":"2025/10/31 12:01:04.925609 +0800","caller":"shufflebuild/build.go:99","msg":"yyyyyyy ShuffleBuild send tag","joinmap tag":4,"shuffleIdx":13,"dedup col name":"b","dedupColTypesLen":1,"operator index":0,"state":2}
{"level":"INFO","time":"2025/10/31 12:01:04.925486 +0800","caller":"rightdedupjoin/join.go:135","msg":"yyyyyyy begin  RightDedupJoin try receive joinmap","joinMapTag":3,"isShuffle":true,"shuffleIdx":2,"dedupColName":"a","dedupColTypesLen":1,"operatorIdx":3}
{"level":"INFO","time":"2025/10/31 12:01:04.925615 +0800","caller":"rightdedupjoin/join.go:145","msg":"yyyyyyy end   RightDedupJoin receive joinmap","joinMapTag":3,"isShuffle":true,"shuffleIdx":12,"dedupColName":"a","dedupColTypesLen":1,"operatorIdx":3}
{"level":"INFO","time":"2025/10/31 12:01:04.925620 +0800","caller":"rightdedupjoin/join.go:145","msg":"yyyyyyy end   RightDedupJoin receive joinmap","joinMapTag":3,"isShuffle":true,"shuffleIdx":14,"dedupColName":"a","dedupColTypesLen":1,"operatorIdx":3}
{"level":"INFO","time":"2025/10/31 12:01:04.925654 +0800","caller":"message/message.go:180","msg":"yyyyyyy SendMessage","waiters len":16,"debug string":"joinmap message, tag:4\nshuffle index 13\njoinmapPtr is nil \n"}
{"level":"INFO","time":"2025/10/31 12:01:04.925663 +0800","caller":"rightdedupjoin/join.go:145","msg":"yyyyyyy end   RightDedupJoin receive joinmap","joinMapTag":4,"isShuffle":true,"shuffleIdx":13,"dedupColName":"b","dedupColTypesLen":1,"operatorIdx":5}
{"level":"INFO","time":"2025/10/31 12:01:04.925672 +0800","caller":"rightdedupjoin/join.go:135","msg":"yyyyyyy begin  RightDedupJoin try receive joinmap","joinMapTag":3,"isShuffle":true,"shuffleIdx":13,"dedupColName":"a","dedupColTypesLen":1,"operatorIdx":3}
{"level":"INFO","time":"2025/10/31 12:01:04.925678 +0800","caller":"rightdedupjoin/join.go:145","msg":"yyyyyyy end   RightDedupJoin receive joinmap","joinMapTag":3,"isShuffle":true,"shuffleIdx":13,"dedupColName":"a","dedupColTypesLen":1,"operatorIdx":3}
{"level":"INFO","time":"2025/10/31 12:01:04.925675 +0800","caller":"rightdedupjoin/join.go:145","msg":"yyyyyyy end   RightDedupJoin receive joinmap","joinMapTag":3,"isShuffle":true,"shuffleIdx":2,"dedupColName":"a","dedupColTypesLen":1,"operatorIdx":3}
{"level":"INFO","time":"2025/10/31 12:01:04.925614 +0800","caller":"rightdedupjoin/join.go:145","msg":"yyyyyyy end   RightDedupJoin receive joinmap","joinMapTag":3,"isShuffle":true,"shuffleIdx":11,"dedupColName":"a","dedupColTypesLen":1,"operatorIdx":3}